<?xml version="1.0" encoding="UTF-8"?>
<!-- Generated by org.testng.reporters.JUnitXMLReporter -->
<testsuite hostname="ASRHQV062.local" ignored="0" name="Default test" tests="4" failures="0" timestamp="04 Oct 2019 10:31:23 GMT" time="10.859" errors="0">
  <testcase name="navigateToTwitterHomeUsingChrome" time="2.248" classname="com.nullkode.automation.web.tests.ExampleTest"/>
  <testcase name="navigateToTwitterHomeUsingEdge" time="1.788" classname="com.nullkode.automation.web.tests.ExampleTest"/>
  <testcase name="navigateToTwitterHomeUsingFirefox" time="3.884" classname="com.nullkode.automation.web.tests.ExampleTest"/>
  <testcase name="navigateToTwitterHomeUsingSafari" time="2.917" classname="com.nullkode.automation.web.tests.ExampleTest"/>
</testsuite> <!-- Default test -->
